This file contains any messages produced by compilers while
running configure, to aid debugging if configure makes a mistake.

It was created by darshan-util configure 3.3.1, which was
generated by GNU Autoconf 2.69.  Invocation command line was

  $ ./configure 

## --------- ##
## Platform. ##
## --------- ##

hostname = emily-XPS-13-9370
uname -m = x86_64
uname -r = 5.4.0-80-generic
uname -s = Linux
uname -v = #90-Ubuntu SMP Fri Jul 9 22:49:44 UTC 2021

/usr/bin/uname -p = x86_64
/bin/uname -X     = unknown

/bin/arch              = x86_64
/usr/bin/arch -k       = unknown
/usr/convex/getsysinfo = unknown
/usr/bin/hostinfo      = unknown
/bin/machine           = unknown
/usr/bin/oslevel       = unknown
/bin/universe          = unknown

PATH: /home/emily/anaconda3
PATH: /home/emily/anaconda3/bin
PATH: /home/emily/anaconda3/condabin
PATH: /home/emily/.local/bin
PATH: /usr/local/sbin
PATH: /usr/local/bin
PATH: /usr/sbin
PATH: /usr/bin
PATH: /sbin
PATH: /bin
PATH: /usr/games
PATH: /usr/local/games
PATH: /snap/bin


## ----------- ##
## Core tests. ##
## ----------- ##

configure:2214: checking for a BSD-compatible install
configure:2282: result: /usr/bin/install -c
configure:2342: checking for gcc
configure:2358: found /usr/bin/gcc
configure:2369: result: gcc
configure:2598: checking for C compiler version
configure:2607: gcc --version >&5
gcc (Ubuntu 9.3.0-17ubuntu1~20.04) 9.3.0
Copyright (C) 2019 Free Software Foundation, Inc.
This is free software; see the source for copying conditions.  There is NO
warranty; not even for MERCHANTABILITY or FITNESS FOR A PARTICULAR PURPOSE.

configure:2618: $? = 0
configure:2607: gcc -v >&5
Using built-in specs.
COLLECT_GCC=gcc
COLLECT_LTO_WRAPPER=/usr/lib/gcc/x86_64-linux-gnu/9/lto-wrapper
OFFLOAD_TARGET_NAMES=nvptx-none:hsa
OFFLOAD_TARGET_DEFAULT=1
Target: x86_64-linux-gnu
Configured with: ../src/configure -v --with-pkgversion='Ubuntu 9.3.0-17ubuntu1~20.04' --with-bugurl=file:///usr/share/doc/gcc-9/README.Bugs --enable-languages=c,ada,c++,go,brig,d,fortran,objc,obj-c++,gm2 --prefix=/usr --with-gcc-major-version-only --program-suffix=-9 --program-prefix=x86_64-linux-gnu- --enable-shared --enable-linker-build-id --libexecdir=/usr/lib --without-included-gettext --enable-threads=posix --libdir=/usr/lib --enable-nls --enable-clocale=gnu --enable-libstdcxx-debug --enable-libstdcxx-time=yes --with-default-libstdcxx-abi=new --enable-gnu-unique-object --disable-vtable-verify --enable-plugin --enable-default-pie --with-system-zlib --with-target-system-zlib=auto --enable-objc-gc=auto --enable-multiarch --disable-werror --with-arch-32=i686 --with-abi=m64 --with-multilib-list=m32,m64,mx32 --enable-multilib --with-tune=generic --enable-offload-targets=nvptx-none=/build/gcc-9-HskZEa/gcc-9-9.3.0/debian/tmp-nvptx/usr,hsa --without-cuda-driver --enable-checking=release --build=x86_64-linux-gnu --host=x86_64-linux-gnu --target=x86_64-linux-gnu
Thread model: posix
gcc version 9.3.0 (Ubuntu 9.3.0-17ubuntu1~20.04) 
configure:2618: $? = 0
configure:2607: gcc -V >&5
gcc: error: unrecognized command line option '-V'
gcc: fatal error: no input files
compilation terminated.
configure:2618: $? = 1
configure:2607: gcc -qversion >&5
gcc: error: unrecognized command line option '-qversion'; did you mean '--version'?
gcc: fatal error: no input files
compilation terminated.
configure:2618: $? = 1
configure:2638: checking whether the C compiler works
configure:2660: gcc    conftest.c  >&5
configure:2664: $? = 0
configure:2712: result: yes
configure:2715: checking for C compiler default output file name
configure:2717: result: a.out
configure:2723: checking for suffix of executables
configure:2730: gcc -o conftest    conftest.c  >&5
configure:2734: $? = 0
configure:2756: result: 
configure:2778: checking whether we are cross compiling
configure:2786: gcc -o conftest    conftest.c  >&5
configure:2790: $? = 0
configure:2797: ./conftest
configure:2801: $? = 0
configure:2789: result: no
configure:2794: checking for suffix of object files
configure:2816: gcc -c   conftest.c >&5
configure:2820: $? = 0
configure:2841: result: o
configure:2845: checking whether we are using the GNU C compiler
configure:2864: gcc -c   conftest.c >&5
configure:2864: $? = 0
configure:2873: result: yes
configure:2882: checking whether gcc accepts -g
configure:2902: gcc -c -g  conftest.c >&5
configure:2902: $? = 0
configure:2943: result: yes
configure:2960: checking for gcc option to accept ISO C89
configure:3023: gcc  -c -g -O2  conftest.c >&5
configure:3023: $? = 0
configure:3036: result: none needed
configure:3062: checking how to run the C preprocessor
configure:3093: gcc -E  conftest.c
configure:3093: $? = 0
configure:3107: gcc -E  conftest.c
conftest.c:9:10: fatal error: ac_nonexistent.h: No such file or directory
    9 | #include <ac_nonexistent.h>
      |          ^~~~~~~~~~~~~~~~~~
compilation terminated.
configure:3107: $? = 1
configure: failed program was:
| /* confdefs.h */
| #define PACKAGE_NAME "darshan-util"
| #define PACKAGE_TARNAME "darshan-util"
| #define PACKAGE_VERSION "3.3.1"
| #define PACKAGE_STRING "darshan-util 3.3.1"
| #define PACKAGE_BUGREPORT ""
| #define PACKAGE_URL ""
| /* end confdefs.h.  */
| #include <ac_nonexistent.h>
configure:3132: result: gcc -E
configure:3152: gcc -E  conftest.c
configure:3152: $? = 0
configure:3166: gcc -E  conftest.c
conftest.c:9:10: fatal error: ac_nonexistent.h: No such file or directory
    9 | #include <ac_nonexistent.h>
      |          ^~~~~~~~~~~~~~~~~~
compilation terminated.
configure:3166: $? = 1
configure: failed program was:
| /* confdefs.h */
| #define PACKAGE_NAME "darshan-util"
| #define PACKAGE_TARNAME "darshan-util"
| #define PACKAGE_VERSION "3.3.1"
| #define PACKAGE_STRING "darshan-util 3.3.1"
| #define PACKAGE_BUGREPORT ""
| #define PACKAGE_URL ""
| /* end confdefs.h.  */
| #include <ac_nonexistent.h>
configure:3195: checking for grep that handles long lines and -e
configure:3253: result: /usr/bin/grep
configure:3258: checking for egrep
configure:3320: result: /usr/bin/grep -E
configure:3325: checking for ANSI C header files
configure:3345: gcc -c -g -O2  conftest.c >&5
configure:3345: $? = 0
configure:3418: gcc -o conftest -g -O2   conftest.c  >&5
configure:3418: $? = 0
configure:3418: ./conftest
configure:3418: $? = 0
configure:3429: result: yes
configure:3442: checking for sys/types.h
configure:3442: gcc -c -g -O2  conftest.c >&5
configure:3442: $? = 0
configure:3442: result: yes
configure:3442: checking for sys/stat.h
configure:3442: gcc -c -g -O2  conftest.c >&5
configure:3442: $? = 0
configure:3442: result: yes
configure:3442: checking for stdlib.h
configure:3442: gcc -c -g -O2  conftest.c >&5
configure:3442: $? = 0
configure:3442: result: yes
configure:3442: checking for string.h
configure:3442: gcc -c -g -O2  conftest.c >&5
configure:3442: $? = 0
configure:3442: result: yes
configure:3442: checking for memory.h
configure:3442: gcc -c -g -O2  conftest.c >&5
configure:3442: $? = 0
configure:3442: result: yes
configure:3442: checking for strings.h
configure:3442: gcc -c -g -O2  conftest.c >&5
configure:3442: $? = 0
configure:3442: result: yes
configure:3442: checking for inttypes.h
configure:3442: gcc -c -g -O2  conftest.c >&5
configure:3442: $? = 0
configure:3442: result: yes
configure:3442: checking for stdint.h
configure:3442: gcc -c -g -O2  conftest.c >&5
configure:3442: $? = 0
configure:3442: result: yes
configure:3442: checking for unistd.h
configure:3442: gcc -c -g -O2  conftest.c >&5
configure:3442: $? = 0
configure:3442: result: yes
configure:3477: checking zlib.h usability
configure:3477: gcc -c -g -O2  conftest.c >&5
configure:3477: $? = 0
configure:3477: result: yes
configure:3477: checking zlib.h presence
configure:3477: gcc -E  conftest.c
configure:3477: $? = 0
configure:3477: result: yes
configure:3477: checking for zlib.h
configure:3477: result: yes
configure:3485: checking for inflateEnd in -lz
configure:3510: gcc -o conftest -g -O2   conftest.c -lz   >&5
configure:3510: $? = 0
configure:3519: result: yes
configure:3537: checking if bzlib is wanted
configure:3569: result: yes
configure:3582: checking for BZ2_bzCompressInit in -lbz2
configure:3607: gcc -o conftest -g -O2  -I/usr/include  -L/usr/lib conftest.c -lbz2  -lz  >&5
/usr/bin/ld: cannot find -lbz2
collect2: error: ld returned 1 exit status
configure:3607: $? = 1
configure: failed program was:
| /* confdefs.h */
| #define PACKAGE_NAME "darshan-util"
| #define PACKAGE_TARNAME "darshan-util"
| #define PACKAGE_VERSION "3.3.1"
| #define PACKAGE_STRING "darshan-util 3.3.1"
| #define PACKAGE_BUGREPORT ""
| #define PACKAGE_URL ""
| #define STDC_HEADERS 1
| #define HAVE_SYS_TYPES_H 1
| #define HAVE_SYS_STAT_H 1
| #define HAVE_STDLIB_H 1
| #define HAVE_STRING_H 1
| #define HAVE_MEMORY_H 1
| #define HAVE_STRINGS_H 1
| #define HAVE_INTTYPES_H 1
| #define HAVE_STDINT_H 1
| #define HAVE_UNISTD_H 1
| #define HAVE_LIBZ 1
| /* end confdefs.h.  */
| 
| /* Override any GCC internal prototype to avoid an error.
|    Use char because int might match the return type of a GCC
|    builtin and then its argument prototype would still apply.  */
| #ifdef __cplusplus
| extern "C"
| #endif
| char BZ2_bzCompressInit ();
| int
| main ()
| {
| return BZ2_bzCompressInit ();
|   ;
|   return 0;
| }
configure:3616: result: no
configure:3624: checking bzlib.h usability
configure:3624: gcc -c -g -O2  -I/usr/include conftest.c >&5
conftest.c:53:10: fatal error: bzlib.h: No such file or directory
   53 | #include <bzlib.h>
      |          ^~~~~~~~~
compilation terminated.
configure:3624: $? = 1
configure: failed program was:
| /* confdefs.h */
| #define PACKAGE_NAME "darshan-util"
| #define PACKAGE_TARNAME "darshan-util"
| #define PACKAGE_VERSION "3.3.1"
| #define PACKAGE_STRING "darshan-util 3.3.1"
| #define PACKAGE_BUGREPORT ""
| #define PACKAGE_URL ""
| #define STDC_HEADERS 1
| #define HAVE_SYS_TYPES_H 1
| #define HAVE_SYS_STAT_H 1
| #define HAVE_STDLIB_H 1
| #define HAVE_STRING_H 1
| #define HAVE_MEMORY_H 1
| #define HAVE_STRINGS_H 1
| #define HAVE_INTTYPES_H 1
| #define HAVE_STDINT_H 1
| #define HAVE_UNISTD_H 1
| #define HAVE_LIBZ 1
| /* end confdefs.h.  */
| #include <stdio.h>
| #ifdef HAVE_SYS_TYPES_H
| # include <sys/types.h>
| #endif
| #ifdef HAVE_SYS_STAT_H
| # include <sys/stat.h>
| #endif
| #ifdef STDC_HEADERS
| # include <stdlib.h>
| # include <stddef.h>
| #else
| # ifdef HAVE_STDLIB_H
| #  include <stdlib.h>
| # endif
| #endif
| #ifdef HAVE_STRING_H
| # if !defined STDC_HEADERS && defined HAVE_MEMORY_H
| #  include <memory.h>
| # endif
| # include <string.h>
| #endif
| #ifdef HAVE_STRINGS_H
| # include <strings.h>
| #endif
| #ifdef HAVE_INTTYPES_H
| # include <inttypes.h>
| #endif
| #ifdef HAVE_STDINT_H
| # include <stdint.h>
| #endif
| #ifdef HAVE_UNISTD_H
| # include <unistd.h>
| #endif
| #include <bzlib.h>
configure:3624: result: no
configure:3624: checking bzlib.h presence
configure:3624: gcc -E  -I/usr/include conftest.c
conftest.c:20:10: fatal error: bzlib.h: No such file or directory
   20 | #include <bzlib.h>
      |          ^~~~~~~~~
compilation terminated.
configure:3624: $? = 1
configure: failed program was:
| /* confdefs.h */
| #define PACKAGE_NAME "darshan-util"
| #define PACKAGE_TARNAME "darshan-util"
| #define PACKAGE_VERSION "3.3.1"
| #define PACKAGE_STRING "darshan-util 3.3.1"
| #define PACKAGE_BUGREPORT ""
| #define PACKAGE_URL ""
| #define STDC_HEADERS 1
| #define HAVE_SYS_TYPES_H 1
| #define HAVE_SYS_STAT_H 1
| #define HAVE_STDLIB_H 1
| #define HAVE_STRING_H 1
| #define HAVE_MEMORY_H 1
| #define HAVE_STRINGS_H 1
| #define HAVE_INTTYPES_H 1
| #define HAVE_STDINT_H 1
| #define HAVE_UNISTD_H 1
| #define HAVE_LIBZ 1
| /* end confdefs.h.  */
| #include <bzlib.h>
configure:3624: result: no
configure:3624: checking for bzlib.h
configure:3624: result: no
configure:3698: checking bzlib in /usr
configure:3702: result: failed
configure:3708: WARNING: libbz2 not found; Darshan utilities will use gzip only.
configure:3742: checking for inttypes.h
configure:3742: result: yes
configure:3753: checking whether the inttypes.h PRIxNN macros are broken
configure:3774: gcc -c -g -O2  conftest.c >&5
configure:3774: $? = 0
configure:3782: result: no
configure:3802: checking for inttypes.h
configure:3802: result: yes
configure:3818: checking for pdflatex
configure:3834: found /usr/bin/pdflatex
configure:3846: result: yes
configure:3856: checking for -halt-on-error argument to pdflatex
configure:3860: result: yes
configure:3870: checking whether byte ordering is bigendian
configure:3885: gcc -c -g -O2  conftest.c >&5
conftest.c:23:9: error: unknown type name 'not'
   23 |         not a universal capable compiler
      |         ^~~
conftest.c:23:15: error: expected '=', ',', ';', 'asm' or '__attribute__' before 'universal'
   23 |         not a universal capable compiler
      |               ^~~~~~~~~
conftest.c:23:15: error: unknown type name 'universal'
configure:3885: $? = 1
configure: failed program was:
| /* confdefs.h */
| #define PACKAGE_NAME "darshan-util"
| #define PACKAGE_TARNAME "darshan-util"
| #define PACKAGE_VERSION "3.3.1"
| #define PACKAGE_STRING "darshan-util 3.3.1"
| #define PACKAGE_BUGREPORT ""
| #define PACKAGE_URL ""
| #define STDC_HEADERS 1
| #define HAVE_SYS_TYPES_H 1
| #define HAVE_SYS_STAT_H 1
| #define HAVE_STDLIB_H 1
| #define HAVE_STRING_H 1
| #define HAVE_MEMORY_H 1
| #define HAVE_STRINGS_H 1
| #define HAVE_INTTYPES_H 1
| #define HAVE_STDINT_H 1
| #define HAVE_UNISTD_H 1
| #define HAVE_LIBZ 1
| #define HAVE_INTTYPES_H 1
| #define HAVE_INTTYPES_H 1
| /* end confdefs.h.  */
| #ifndef __APPLE_CC__
| 	       not a universal capable compiler
| 	     #endif
| 	     typedef int dummy;
| 
configure:3930: gcc -c -g -O2  conftest.c >&5
configure:3930: $? = 0
configure:3948: gcc -c -g -O2  conftest.c >&5
conftest.c: In function 'main':
conftest.c:29:4: error: unknown type name 'not'; did you mean 'ino_t'?
   29 |    not big endian
      |    ^~~
      |    ino_t
conftest.c:29:12: error: expected '=', ',', ';', 'asm' or '__attribute__' before 'endian'
   29 |    not big endian
      |            ^~~~~~
configure:3948: $? = 1
configure: failed program was:
| /* confdefs.h */
| #define PACKAGE_NAME "darshan-util"
| #define PACKAGE_TARNAME "darshan-util"
| #define PACKAGE_VERSION "3.3.1"
| #define PACKAGE_STRING "darshan-util 3.3.1"
| #define PACKAGE_BUGREPORT ""
| #define PACKAGE_URL ""
| #define STDC_HEADERS 1
| #define HAVE_SYS_TYPES_H 1
| #define HAVE_SYS_STAT_H 1
| #define HAVE_STDLIB_H 1
| #define HAVE_STRING_H 1
| #define HAVE_MEMORY_H 1
| #define HAVE_STRINGS_H 1
| #define HAVE_INTTYPES_H 1
| #define HAVE_STDINT_H 1
| #define HAVE_UNISTD_H 1
| #define HAVE_LIBZ 1
| #define HAVE_INTTYPES_H 1
| #define HAVE_INTTYPES_H 1
| /* end confdefs.h.  */
| #include <sys/types.h>
| 		#include <sys/param.h>
| 
| int
| main ()
| {
| #if BYTE_ORDER != BIG_ENDIAN
| 		 not big endian
| 		#endif
| 
|   ;
|   return 0;
| }
configure:4076: result: no
configure:4097: checking for off64_t
configure:4126: gcc -c -g -O2 -D_FILE_OFFSET_BITS=64 -D_LARGEFILE64_SOURCE  conftest.c >&5
configure:4126: $? = 0
configure:4127: result: yes
configure:4162: checking for python
configure:4180: found /home/emily/anaconda3/bin/python
configure:4192: result: /home/emily/anaconda3/bin/python
configure:4213: checking for python version
configure:4220: result: 3.8
configure:4232: checking for python platform
configure:4239: result: linux
configure:4265: checking for python script directory
configure:4300: result: ${prefix}/lib/python3.8/site-packages
configure:4309: checking for python extension module directory
configure:4344: result: ${exec_prefix}/lib/python3.8/site-packages
configure:4412: checking for strndup
configure:4412: gcc -o conftest -g -O2   conftest.c -lz  >&5
conftest.c:46:6: warning: conflicting types for built-in function 'strndup'; expected 'char *(const char *, long unsigned int)' [-Wbuiltin-declaration-mismatch]
   46 | char strndup ();
      |      ^~~~~~~
configure:4412: $? = 0
configure:4412: result: yes
configure:4542: creating ./config.status

## ---------------------- ##
## Running config.status. ##
## ---------------------- ##

This file was extended by darshan-util config.status 3.3.1, which was
generated by GNU Autoconf 2.69.  Invocation command line was

  CONFIG_FILES    = 
  CONFIG_HEADERS  = 
  CONFIG_LINKS    = 
  CONFIG_COMMANDS = 
  $ ./config.status 

on emily-XPS-13-9370

config.status:828: creating Makefile
config.status:828: creating darshan-job-summary/bin/darshan-job-summary.pl
config.status:828: creating maint/darshan-util.pc
config.status:828: creating darshan-util-config.h

## ---------------- ##
## Cache variables. ##
## ---------------- ##

ac_cv_c_bigendian=no
ac_cv_c_compiler_gnu=yes
ac_cv_env_CC_set=
ac_cv_env_CC_value=
ac_cv_env_CFLAGS_set=
ac_cv_env_CFLAGS_value=
ac_cv_env_CPPFLAGS_set=
ac_cv_env_CPPFLAGS_value=
ac_cv_env_CPP_set=
ac_cv_env_CPP_value=
ac_cv_env_LDFLAGS_set=
ac_cv_env_LDFLAGS_value=
ac_cv_env_LIBS_set=
ac_cv_env_LIBS_value=
ac_cv_env_PYTHON_set=
ac_cv_env_PYTHON_value=
ac_cv_env_build_alias_set=
ac_cv_env_build_alias_value=
ac_cv_env_host_alias_set=
ac_cv_env_host_alias_value=
ac_cv_env_target_alias_set=
ac_cv_env_target_alias_value=
ac_cv_func_strndup=yes
ac_cv_header_bzlib_h=no
ac_cv_header_inttypes_h=yes
ac_cv_header_memory_h=yes
ac_cv_header_stdc=yes
ac_cv_header_stdint_h=yes
ac_cv_header_stdlib_h=yes
ac_cv_header_string_h=yes
ac_cv_header_strings_h=yes
ac_cv_header_sys_stat_h=yes
ac_cv_header_sys_types_h=yes
ac_cv_header_unistd_h=yes
ac_cv_header_zlib_h=yes
ac_cv_lib_bz2_BZ2_bzCompressInit=no
ac_cv_lib_z_inflateEnd=yes
ac_cv_objext=o
ac_cv_path_EGREP='/usr/bin/grep -E'
ac_cv_path_GREP=/usr/bin/grep
ac_cv_path_PYTHON=/home/emily/anaconda3/bin/python
ac_cv_path_install='/usr/bin/install -c'
ac_cv_prog_CPP='gcc -E'
ac_cv_prog_HAVE_PDFLATEX=yes
ac_cv_prog_ac_ct_CC=gcc
ac_cv_prog_cc_c89=
ac_cv_prog_cc_g=yes
am_cv_python_platform=linux
am_cv_python_pyexecdir='${exec_prefix}/lib/python3.8/site-packages'
am_cv_python_pythondir='${prefix}/lib/python3.8/site-packages'
am_cv_python_version=3.8
bzlib_cv_bzlib_h=no
bzlib_cv_libbz2=no
gt_cv_inttypes_pri_broken=no

## ----------------- ##
## Output variables. ##
## ----------------- ##

CC='gcc'
CFLAGS='-g -O2'
CPP='gcc -E'
CPPFLAGS=''
DARSHAN_ENABLE_PYDARSHAN='0'
DARSHAN_ENABLE_SHARED='0'
DARSHAN_PYDARSHAN_PATH=''
DARSHAN_USE_APMPI=''
DARSHAN_USE_APXC=''
DARSHAN_UTIL_VERSION='3.3.1'
DEFS='-DHAVE_CONFIG_H'
ECHO_C=''
ECHO_N='-n'
ECHO_T=''
EGREP='/usr/bin/grep -E'
EXEEXT=''
GREP='/usr/bin/grep'
HAVE_PDFLATEX='yes'
INSTALL_DATA='${INSTALL} -m 644'
INSTALL_PROGRAM='${INSTALL}'
INSTALL_SCRIPT='${INSTALL}'
LDFLAGS=''
LIBBZ2=''
LIBOBJS=''
LIBS='-lz '
LTLIBOBJS=''
OBJEXT='o'
PACKAGE_BUGREPORT=''
PACKAGE_NAME='darshan-util'
PACKAGE_STRING='darshan-util 3.3.1'
PACKAGE_TARNAME='darshan-util'
PACKAGE_URL=''
PACKAGE_VERSION='3.3.1'
PATH_SEPARATOR=':'
PRI_MACROS_BROKEN='0'
PYTHON='/home/emily/anaconda3/bin/python'
PYTHON_EXEC_PREFIX='${exec_prefix}'
PYTHON_PLATFORM='linux'
PYTHON_PREFIX='${prefix}'
PYTHON_VERSION='3.8'
SHELL='/bin/bash'
__DARSHAN_PDFLATEX_HALT_ON_ERROR='-halt-on-error'
__DARSHAN_ZLIB_INCLUDE_FLAGS=''
__DARSHAN_ZLIB_LINK_FLAGS=''
ac_ct_CC='gcc'
bindir='${exec_prefix}/bin'
build_alias=''
datadir='${datarootdir}'
datarootdir='${prefix}/share'
docdir='${datarootdir}/doc/${PACKAGE_TARNAME}'
dvidir='${docdir}'
exec_prefix='${prefix}'
host_alias=''
htmldir='${docdir}'
includedir='${prefix}/include'
infodir='${datarootdir}/info'
libdir='${exec_prefix}/lib'
libexecdir='${exec_prefix}/libexec'
localedir='${datarootdir}/locale'
localstatedir='${prefix}/var'
mandir='${datarootdir}/man'
oldincludedir='/usr/include'
pdfdir='${docdir}'
pkgpyexecdir='${pyexecdir}/'
pkgpythondir='${pythondir}/'
prefix='/usr/local'
program_transform_name='s,x,x,'
psdir='${docdir}'
pyexecdir='${exec_prefix}/lib/python3.8/site-packages'
pythondir='${prefix}/lib/python3.8/site-packages'
runstatedir='${localstatedir}/run'
sbindir='${exec_prefix}/sbin'
sharedstatedir='${prefix}/com'
sysconfdir='${prefix}/etc'
target_alias=''

## ----------- ##
## confdefs.h. ##
## ----------- ##

/* confdefs.h */
#define PACKAGE_NAME "darshan-util"
#define PACKAGE_TARNAME "darshan-util"
#define PACKAGE_VERSION "3.3.1"
#define PACKAGE_STRING "darshan-util 3.3.1"
#define PACKAGE_BUGREPORT ""
#define PACKAGE_URL ""
#define STDC_HEADERS 1
#define HAVE_SYS_TYPES_H 1
#define HAVE_SYS_STAT_H 1
#define HAVE_STDLIB_H 1
#define HAVE_STRING_H 1
#define HAVE_MEMORY_H 1
#define HAVE_STRINGS_H 1
#define HAVE_INTTYPES_H 1
#define HAVE_STDINT_H 1
#define HAVE_UNISTD_H 1
#define HAVE_LIBZ 1
#define HAVE_INTTYPES_H 1
#define HAVE_INTTYPES_H 1
#define HAVE_OFF64_T 1
#define HAVE_STRNDUP 1

configure: exit 0
